0    DEBUG [2012-10-17 14:23:54]  Authorization: OAuth2 2.00PfWwwCRMDcFD1efb591288ypeJxD
1    DEBUG [2012-10-17 14:23:54]  API-RemoteIP: 192.168.1.13
3729 DEBUG [2012-10-17 14:23:57]  Response:
3730 DEBUG [2012-10-17 14:23:57]  https StatusCode:200
3730 DEBUG [2012-10-17 14:23:57]  Date:Wed, 17 Oct 2012 06:23:55 GMT
3730 DEBUG [2012-10-17 14:23:57]  Server:PWS/8.0.9.6
3730 DEBUG [2012-10-17 14:23:57]  Transfer-Encoding:chunked
3730 DEBUG [2012-10-17 14:23:57]  X-Px:nc cgo-ag2-n7 ( sha-agg-n2), nc sha-agg-n2 ( origin)
3730 DEBUG [2012-10-17 14:23:57]  Content-Type:application/json;charset=UTF-8
3730 DEBUG [2012-10-17 14:23:57]  Age:0
3730 DEBUG [2012-10-17 14:23:57]  Via:1.1 varnish
3731 DEBUG [2012-10-17 14:23:57]  Vary:Accept-Encoding
3731 DEBUG [2012-10-17 14:23:57]  Api-Server-IP:10.75.24.203
3731 DEBUG [2012-10-17 14:23:57]  X-Varnish:2145592335
3731 DEBUG [2012-10-17 14:23:57]  Connection:keep-alive
3734 WARN  [2012-10-17 14:23:57]  Going to buffer response body of large or unknown size. Using getResponseBodyAsStream instead is recommended.
3735 DEBUG [2012-10-17 14:23:57]  {"created_at":"Wed Oct 17 14:23:55 +0800 2012","id":3502124615133118,"mid":"3502124615133118","idstr":"3502124615133118","text":"今日#猜猜画画作品榜#第1名：null 的【矮小】。欣赏更多精彩涂鸦，敬请关注@猜猜画画手机版 。","source":"<a href=\"http://www.caicaihuahua.me\" rel=\"nofollow\">猜猜画画iPhone客户端</a>","favorited":false,"truncated":false,"in_reply_to_status_id":"","in_reply_to_user_id":"","in_reply_to_screen_name":"","thumbnail_pic":"http://ww4.sinaimg.cn/thumbnail/a120320djw1dxy6kf44b8j.jpg","bmiddle_pic":"http://ww4.sinaimg.cn/bmiddle/a120320djw1dxy6kf44b8j.jpg","original_pic":"http://ww4.sinaimg.cn/large/a120320djw1dxy6kf44b8j.jpg","geo":null,"user":{"id":2703241741,"idstr":"2703241741","screen_name":"猜猜画画手机版","name":"猜猜画画手机版","province":"44","city":"1","location":"广东 广州","description":"玩猜画游戏？当选猜猜画画。下载地址:http://t.cn/zOCCxQW 玩家群:228119679","url":"http://caicaihuahua.me","profile_image_url":"http://tp2.sinaimg.cn/2703241741/50/39999796126/1","profile_url":"drawlively","domain":"drawlively","weihao":"","gender":"m","followers_count":110,"friends_count":456,"statuses_count":148,"favourites_count":3,"created_at":"Mon Apr 09 10:53:52 +0800 2012","following":false,"allow_all_act_msg":false,"geo_enabled":true,"verified":false,"verified_type":-1,"allow_all_comment":true,"avatar_large":"http://tp2.sinaimg.cn/2703241741/180/39999796126/1","verified_reason":"","follow_me":false,"online_status":0,"bi_followers_count":63,"lang":"zh-cn"},"reposts_count":0,"comments_count":0,"attitudes_count":0,"mlevel":0,"visible":{"type":0,"list_id":0}}

3749 DEBUG [2012-10-17 14:23:57]  Authorization: OAuth2 2.00PfWwwCRMDcFD1efb591288ypeJxD
3749 DEBUG [2012-10-17 14:23:57]  API-RemoteIP: 192.168.1.13
6131 DEBUG [2012-10-17 14:24:00]  Response:
6131 DEBUG [2012-10-17 14:24:00]  https StatusCode:200
6131 DEBUG [2012-10-17 14:24:00]  Date:Wed, 17 Oct 2012 06:23:58 GMT
6131 DEBUG [2012-10-17 14:24:00]  Server:PWS/8.0.9.6
6131 DEBUG [2012-10-17 14:24:00]  Transfer-Encoding:chunked
6132 DEBUG [2012-10-17 14:24:00]  X-Px:nc cgo-ag2-n7 ( sha-agg-n2), nc sha-agg-n2 ( origin)
6132 DEBUG [2012-10-17 14:24:00]  Content-Type:application/json;charset=UTF-8
6132 DEBUG [2012-10-17 14:24:00]  Age:0
6132 DEBUG [2012-10-17 14:24:00]  Via:1.1 varnish
6132 DEBUG [2012-10-17 14:24:00]  Vary:Accept-Encoding
6132 DEBUG [2012-10-17 14:24:00]  Api-Server-IP:10.75.0.175
6132 DEBUG [2012-10-17 14:24:00]  X-Varnish:3725170387
6132 DEBUG [2012-10-17 14:24:00]  Connection:keep-alive
6132 WARN  [2012-10-17 14:24:00]  Going to buffer response body of large or unknown size. Using getResponseBodyAsStream instead is recommended.
6133 DEBUG [2012-10-17 14:24:00]  {"created_at":"Wed Oct 17 14:23:58 +0800 2012","id":3502124623391918,"mid":"3502124623391918","idstr":"3502124623391918","text":"今日#猜猜画画作品榜#第2名：null 的【肥妹】。欣赏更多精彩涂鸦，敬请关注@猜猜画画手机版 。","source":"<a href=\"http://www.caicaihuahua.me\" rel=\"nofollow\">猜猜画画iPhone客户端</a>","favorited":false,"truncated":false,"in_reply_to_status_id":"","in_reply_to_user_id":"","in_reply_to_screen_name":"","thumbnail_pic":"http://ww1.sinaimg.cn/thumbnail/a120320djw1dxy6kgh8wzj.jpg","bmiddle_pic":"http://ww1.sinaimg.cn/bmiddle/a120320djw1dxy6kgh8wzj.jpg","original_pic":"http://ww1.sinaimg.cn/large/a120320djw1dxy6kgh8wzj.jpg","geo":null,"user":{"id":2703241741,"idstr":"2703241741","screen_name":"猜猜画画手机版","name":"猜猜画画手机版","province":"44","city":"1","location":"广东 广州","description":"玩猜画游戏？当选猜猜画画。下载地址:http://t.cn/zOCCxQW 玩家群:228119679","url":"http://caicaihuahua.me","profile_image_url":"http://tp2.sinaimg.cn/2703241741/50/39999796126/1","profile_url":"drawlively","domain":"drawlively","weihao":"","gender":"m","followers_count":110,"friends_count":456,"statuses_count":148,"favourites_count":3,"created_at":"Mon Apr 09 10:53:52 +0800 2012","following":false,"allow_all_act_msg":false,"geo_enabled":true,"verified":false,"verified_type":-1,"allow_all_comment":true,"avatar_large":"http://tp2.sinaimg.cn/2703241741/180/39999796126/1","verified_reason":"","follow_me":false,"online_status":0,"bi_followers_count":63,"lang":"zh-cn"},"reposts_count":0,"comments_count":0,"attitudes_count":0,"mlevel":0,"visible":{"type":0,"list_id":0}}

6202 DEBUG [2012-10-17 14:24:00]  Authorization: OAuth2 2.00PfWwwCRMDcFD1efb591288ypeJxD
6202 DEBUG [2012-10-17 14:24:00]  API-RemoteIP: 192.168.1.13
8284 DEBUG [2012-10-17 14:24:02]  Response:
8284 DEBUG [2012-10-17 14:24:02]  https StatusCode:200
8284 DEBUG [2012-10-17 14:24:02]  Date:Wed, 17 Oct 2012 06:24:00 GMT
8284 DEBUG [2012-10-17 14:24:02]  Server:PWS/8.0.9.6
8284 DEBUG [2012-10-17 14:24:02]  Transfer-Encoding:chunked
8284 DEBUG [2012-10-17 14:24:02]  X-Px:nc cgo-ag2-n7 ( sha-agg-n2), nc sha-agg-n2 ( origin)
8284 DEBUG [2012-10-17 14:24:02]  Content-Type:application/json;charset=UTF-8
8284 DEBUG [2012-10-17 14:24:02]  Age:0
8284 DEBUG [2012-10-17 14:24:02]  Via:1.1 varnish
8284 DEBUG [2012-10-17 14:24:02]  Vary:Accept-Encoding
8284 DEBUG [2012-10-17 14:24:02]  Api-Server-IP:10.75.5.67
8285 DEBUG [2012-10-17 14:24:02]  X-Varnish:2145622795
8285 DEBUG [2012-10-17 14:24:02]  Connection:keep-alive
8285 WARN  [2012-10-17 14:24:02]  Going to buffer response body of large or unknown size. Using getResponseBodyAsStream instead is recommended.
8285 DEBUG [2012-10-17 14:24:02]  {"created_at":"Wed Oct 17 14:24:01 +0800 2012","id":3502124631782294,"mid":"3502124631782294","idstr":"3502124631782294","text":"今日#猜猜画画作品榜#第3名：null 的【哀伤】。欣赏更多精彩涂鸦，敬请关注@猜猜画画手机版 。","source":"<a href=\"http://www.caicaihuahua.me\" rel=\"nofollow\">猜猜画画iPhone客户端</a>","favorited":false,"truncated":false,"in_reply_to_status_id":"","in_reply_to_user_id":"","in_reply_to_screen_name":"","thumbnail_pic":"http://ww1.sinaimg.cn/thumbnail/a120320djw1dxy6ki3yhdj.jpg","bmiddle_pic":"http://ww1.sinaimg.cn/bmiddle/a120320djw1dxy6ki3yhdj.jpg","original_pic":"http://ww1.sinaimg.cn/large/a120320djw1dxy6ki3yhdj.jpg","geo":null,"user":{"id":2703241741,"idstr":"2703241741","screen_name":"猜猜画画手机版","name":"猜猜画画手机版","province":"44","city":"1","location":"广东 广州","description":"玩猜画游戏？当选猜猜画画。下载地址:http://t.cn/zOCCxQW 玩家群:228119679","url":"http://caicaihuahua.me","profile_image_url":"http://tp2.sinaimg.cn/2703241741/50/39999796126/1","profile_url":"drawlively","domain":"drawlively","weihao":"","gender":"m","followers_count":110,"friends_count":456,"statuses_count":148,"favourites_count":3,"created_at":"Mon Apr 09 10:53:52 +0800 2012","following":false,"allow_all_act_msg":false,"geo_enabled":true,"verified":false,"verified_type":-1,"allow_all_comment":true,"avatar_large":"http://tp2.sinaimg.cn/2703241741/180/39999796126/1","verified_reason":"","follow_me":false,"online_status":0,"bi_followers_count":63,"lang":"zh-cn"},"reposts_count":0,"comments_count":0,"attitudes_count":0,"mlevel":0,"visible":{"type":0,"list_id":0}}

1    INFO  [2012-10-17 14:27:09]  user = null
73   INFO  [2012-10-17 14:27:09]  user = null
309  INFO  [2012-10-17 14:27:09]  user = null
309  INFO  [2012-10-17 14:27:09]  user = null
312  INFO  [2012-10-17 14:27:09]  user = null
313  INFO  [2012-10-17 14:27:09]  user = null
0    INFO  [2012-10-17 14:28:04]  uid = 4f95717e260967aa715a5af4, user = null
1    INFO  [2012-10-17 14:28:04]  uid = 4f95717e260967aa715a5af4, user = null
232  INFO  [2012-10-17 14:28:05]  uid = 4f8e1ca4260958163895babf, user = null
233  INFO  [2012-10-17 14:28:05]  uid = 4f8e1ca4260958163895babf, user = null
235  INFO  [2012-10-17 14:28:05]  uid = 4f8e1ca4260958163895babf, user = null
236  INFO  [2012-10-17 14:28:05]  uid = 4f8e1ca4260958163895babf, user = null
0    INFO  [2012-10-17 14:29:40]  uid = 50163dd803642077d68ccaa3, user = {_id=50163dd803642077d68ccaa3, app_id=513819630, balance=122, c_date=Mon Jul 30 15:55:04 GMT+08:00 2012, country_code=CN, device_id=35f3d09b478e8dea394dd571563ceea3, device_model=iPhone Simulator, device_os=iPhone OS_5.0, device_token=, device_type=1, email=sun@qq.com, fans=[ { "fid" : "501659e6036450d23874ebf0" , "c_date" : { "$date" : "2012-07-31T03:02:41Z"} , "source_id" : "513819630"}], feed_timestamp=Sun Aug 05 19:35:25 GMT+08:00 2012, follows=[ { "fid" : "501659e6036450d23874ebf0" , "c_date" : { "$date" : "2012-07-31T09:12:16Z"} , "source_id" : "513819630"}], gender=m, guess_balance=0, items=[ { "type" : 1 , "amount" : 10} , { "type" : 6 , "amount" : 6}], language=zh-Hans, level_info=[ { "source_id" : "Draw" , "level" : 5 , "experience" : 690}], new_fan_cnt=0, nick_name=sun, password=, source_id=513819630, status=3, verify_code=4eddeefe-2c70-43bc-b236-8849051964aa}
4    INFO  [2012-10-17 14:29:40]  uid = 50163dd803642077d68ccaa3, user = {_id=50163dd803642077d68ccaa3, app_id=513819630, balance=122, c_date=Mon Jul 30 15:55:04 GMT+08:00 2012, country_code=CN, device_id=35f3d09b478e8dea394dd571563ceea3, device_model=iPhone Simulator, device_os=iPhone OS_5.0, device_token=, device_type=1, email=sun@qq.com, fans=[ { "fid" : "501659e6036450d23874ebf0" , "c_date" : { "$date" : "2012-07-31T03:02:41Z"} , "source_id" : "513819630"}], feed_timestamp=Sun Aug 05 19:35:25 GMT+08:00 2012, follows=[ { "fid" : "501659e6036450d23874ebf0" , "c_date" : { "$date" : "2012-07-31T09:12:16Z"} , "source_id" : "513819630"}], gender=m, guess_balance=0, items=[ { "type" : 1 , "amount" : 10} , { "type" : 6 , "amount" : 6}], language=zh-Hans, level_info=[ { "source_id" : "Draw" , "level" : 5 , "experience" : 690}], new_fan_cnt=0, nick_name=sun, password=, source_id=513819630, status=3, verify_code=4eddeefe-2c70-43bc-b236-8849051964aa}
233  INFO  [2012-10-17 14:29:40]  uid = 501659e6036450d23874ebf0, user = {_id=501659e6036450d23874ebf0, app_id=513819630, award_exp=0, balance=120, c_date=Mon Jul 30 17:54:46 GMT+08:00 2012, country_code=CN, device_id=40516dfeaa446ae6cb7e15982023f0b4, device_model=iPod touch, device_os=iPhone OS_5.0.1, device_token=0ab6c5cee969a436b34bf9458548c6388f315bc44bf4bcce33b1dfc106ab7fca, device_type=1, email=moon@qq.com, fans=[ { "fid" : "50163dd803642077d68ccaa3" , "c_date" : { "$date" : "2012-07-31T09:12:16Z"} , "source_id" : "513819630"}], feed_timestamp=Wed Aug 01 17:01:18 GMT+08:00 2012, follows=[ { "fid" : "50163dd803642077d68ccaa3" , "c_date" : { "$date" : "2012-07-31T03:02:41Z"} , "source_id" : "513819630"}], gender=f, guess_balance=3, items=[ { "type" : 1 , "amount" : 10} , { "type" : 6 , "amount" : 2}], language=zh-Hans, level_info=[ { "source_id" : "Draw" , "level" : 2 , "experience" : 120}], new_fan_cnt=0, nick_name=moon, password=, source_id=513819630, status=3, verify_code=f4ab5924-2e1c-49bd-85d9-367717864cee}
235  INFO  [2012-10-17 14:29:40]  uid = 501659e6036450d23874ebf0, user = {_id=501659e6036450d23874ebf0, app_id=513819630, award_exp=0, balance=120, c_date=Mon Jul 30 17:54:46 GMT+08:00 2012, country_code=CN, device_id=40516dfeaa446ae6cb7e15982023f0b4, device_model=iPod touch, device_os=iPhone OS_5.0.1, device_token=0ab6c5cee969a436b34bf9458548c6388f315bc44bf4bcce33b1dfc106ab7fca, device_type=1, email=moon@qq.com, fans=[ { "fid" : "50163dd803642077d68ccaa3" , "c_date" : { "$date" : "2012-07-31T09:12:16Z"} , "source_id" : "513819630"}], feed_timestamp=Wed Aug 01 17:01:18 GMT+08:00 2012, follows=[ { "fid" : "50163dd803642077d68ccaa3" , "c_date" : { "$date" : "2012-07-31T03:02:41Z"} , "source_id" : "513819630"}], gender=f, guess_balance=3, items=[ { "type" : 1 , "amount" : 10} , { "type" : 6 , "amount" : 2}], language=zh-Hans, level_info=[ { "source_id" : "Draw" , "level" : 2 , "experience" : 120}], new_fan_cnt=0, nick_name=moon, password=, source_id=513819630, status=3, verify_code=f4ab5924-2e1c-49bd-85d9-367717864cee}
240  INFO  [2012-10-17 14:29:40]  uid = 501659e6036450d23874ebf0, user = {_id=501659e6036450d23874ebf0, app_id=513819630, award_exp=0, balance=120, c_date=Mon Jul 30 17:54:46 GMT+08:00 2012, country_code=CN, device_id=40516dfeaa446ae6cb7e15982023f0b4, device_model=iPod touch, device_os=iPhone OS_5.0.1, device_token=0ab6c5cee969a436b34bf9458548c6388f315bc44bf4bcce33b1dfc106ab7fca, device_type=1, email=moon@qq.com, fans=[ { "fid" : "50163dd803642077d68ccaa3" , "c_date" : { "$date" : "2012-07-31T09:12:16Z"} , "source_id" : "513819630"}], feed_timestamp=Wed Aug 01 17:01:18 GMT+08:00 2012, follows=[ { "fid" : "50163dd803642077d68ccaa3" , "c_date" : { "$date" : "2012-07-31T03:02:41Z"} , "source_id" : "513819630"}], gender=f, guess_balance=3, items=[ { "type" : 1 , "amount" : 10} , { "type" : 6 , "amount" : 2}], language=zh-Hans, level_info=[ { "source_id" : "Draw" , "level" : 2 , "experience" : 120}], new_fan_cnt=0, nick_name=moon, password=, source_id=513819630, status=3, verify_code=f4ab5924-2e1c-49bd-85d9-367717864cee}
244  INFO  [2012-10-17 14:29:40]  uid = 501659e6036450d23874ebf0, user = {_id=501659e6036450d23874ebf0, app_id=513819630, award_exp=0, balance=120, c_date=Mon Jul 30 17:54:46 GMT+08:00 2012, country_code=CN, device_id=40516dfeaa446ae6cb7e15982023f0b4, device_model=iPod touch, device_os=iPhone OS_5.0.1, device_token=0ab6c5cee969a436b34bf9458548c6388f315bc44bf4bcce33b1dfc106ab7fca, device_type=1, email=moon@qq.com, fans=[ { "fid" : "50163dd803642077d68ccaa3" , "c_date" : { "$date" : "2012-07-31T09:12:16Z"} , "source_id" : "513819630"}], feed_timestamp=Wed Aug 01 17:01:18 GMT+08:00 2012, follows=[ { "fid" : "50163dd803642077d68ccaa3" , "c_date" : { "$date" : "2012-07-31T03:02:41Z"} , "source_id" : "513819630"}], gender=f, guess_balance=3, items=[ { "type" : 1 , "amount" : 10} , { "type" : 6 , "amount" : 2}], language=zh-Hans, level_info=[ { "source_id" : "Draw" , "level" : 2 , "experience" : 120}], new_fan_cnt=0, nick_name=moon, password=, source_id=513819630, status=3, verify_code=f4ab5924-2e1c-49bd-85d9-367717864cee}
0    INFO  [2012-10-17 14:30:01]  uid = 50163dd803642077d68ccaa3, user = {_id=50163dd803642077d68ccaa3, app_id=513819630, balance=122, c_date=Mon Jul 30 15:55:04 GMT+08:00 2012, country_code=CN, device_id=35f3d09b478e8dea394dd571563ceea3, device_model=iPhone Simulator, device_os=iPhone OS_5.0, device_token=, device_type=1, email=sun@qq.com, fans=[ { "fid" : "501659e6036450d23874ebf0" , "c_date" : { "$date" : "2012-07-31T03:02:41Z"} , "source_id" : "513819630"}], feed_timestamp=Sun Aug 05 19:35:25 GMT+08:00 2012, follows=[ { "fid" : "501659e6036450d23874ebf0" , "c_date" : { "$date" : "2012-07-31T09:12:16Z"} , "source_id" : "513819630"}], gender=m, guess_balance=0, items=[ { "type" : 1 , "amount" : 10} , { "type" : 6 , "amount" : 6}], language=zh-Hans, level_info=[ { "source_id" : "Draw" , "level" : 5 , "experience" : 690}], new_fan_cnt=0, nick_name=sun, password=, source_id=513819630, status=3, verify_code=4eddeefe-2c70-43bc-b236-8849051964aa}
3    INFO  [2012-10-17 14:30:01]  uid = 50163dd803642077d68ccaa3, user = {_id=50163dd803642077d68ccaa3, app_id=513819630, balance=122, c_date=Mon Jul 30 15:55:04 GMT+08:00 2012, country_code=CN, device_id=35f3d09b478e8dea394dd571563ceea3, device_model=iPhone Simulator, device_os=iPhone OS_5.0, device_token=, device_type=1, email=sun@qq.com, fans=[ { "fid" : "501659e6036450d23874ebf0" , "c_date" : { "$date" : "2012-07-31T03:02:41Z"} , "source_id" : "513819630"}], feed_timestamp=Sun Aug 05 19:35:25 GMT+08:00 2012, follows=[ { "fid" : "501659e6036450d23874ebf0" , "c_date" : { "$date" : "2012-07-31T09:12:16Z"} , "source_id" : "513819630"}], gender=m, guess_balance=0, items=[ { "type" : 1 , "amount" : 10} , { "type" : 6 , "amount" : 6}], language=zh-Hans, level_info=[ { "source_id" : "Draw" , "level" : 5 , "experience" : 690}], new_fan_cnt=0, nick_name=sun, password=, source_id=513819630, status=3, verify_code=4eddeefe-2c70-43bc-b236-8849051964aa}
290  DEBUG [2012-10-17 14:30:01]  Authorization: OAuth2 2.00PfWwwCRMDcFD1efb591288ypeJxD
291  DEBUG [2012-10-17 14:30:01]  API-RemoteIP: 192.168.1.13
3172 DEBUG [2012-10-17 14:30:04]  Response:
3172 DEBUG [2012-10-17 14:30:04]  https StatusCode:200
3172 DEBUG [2012-10-17 14:30:04]  Date:Wed, 17 Oct 2012 06:30:02 GMT
3173 DEBUG [2012-10-17 14:30:04]  Server:PWS/8.0.9.6
3173 DEBUG [2012-10-17 14:30:04]  Transfer-Encoding:chunked
3173 DEBUG [2012-10-17 14:30:04]  X-Px:nc h0-s5.p0-szx ( sha-agg-n2), nc sha-agg-n2 ( origin)
3173 DEBUG [2012-10-17 14:30:04]  Content-Type:application/json;charset=UTF-8
3173 DEBUG [2012-10-17 14:30:04]  Age:0
3173 DEBUG [2012-10-17 14:30:04]  Via:1.1 varnish
3173 DEBUG [2012-10-17 14:30:04]  Vary:Accept-Encoding
3173 DEBUG [2012-10-17 14:30:04]  Api-Server-IP:10.75.5.57
3173 DEBUG [2012-10-17 14:30:04]  X-Varnish:408677234
3174 DEBUG [2012-10-17 14:30:04]  Connection:keep-alive
3177 WARN  [2012-10-17 14:30:04]  Going to buffer response body of large or unknown size. Using getResponseBodyAsStream instead is recommended.
3178 DEBUG [2012-10-17 14:30:04]  {"created_at":"Wed Oct 17 14:30:03 +0800 2012","id":3502126150271253,"mid":"3502126150271253","idstr":"3502126150271253","text":"今日#猜猜画画作品榜#第1名：sun 的【矮小】。欣赏更多精彩涂鸦，敬请关注@猜猜画画手机版 。","source":"<a href=\"http://www.caicaihuahua.me\" rel=\"nofollow\">猜猜画画iPhone客户端</a>","favorited":false,"truncated":false,"in_reply_to_status_id":"","in_reply_to_user_id":"","in_reply_to_screen_name":"","thumbnail_pic":"http://ww1.sinaimg.cn/thumbnail/a120320djw1dxy6qryl0tj.jpg","bmiddle_pic":"http://ww1.sinaimg.cn/bmiddle/a120320djw1dxy6qryl0tj.jpg","original_pic":"http://ww1.sinaimg.cn/large/a120320djw1dxy6qryl0tj.jpg","geo":null,"user":{"id":2703241741,"idstr":"2703241741","screen_name":"猜猜画画手机版","name":"猜猜画画手机版","province":"44","city":"1","location":"广东 广州","description":"玩猜画游戏？当选猜猜画画。下载地址:http://t.cn/zOCCxQW 玩家群:228119679","url":"http://caicaihuahua.me","profile_image_url":"http://tp2.sinaimg.cn/2703241741/50/39999796126/1","profile_url":"drawlively","domain":"drawlively","weihao":"","gender":"m","followers_count":110,"friends_count":456,"statuses_count":148,"favourites_count":3,"created_at":"Mon Apr 09 10:53:52 +0800 2012","following":false,"allow_all_act_msg":false,"geo_enabled":true,"verified":false,"verified_type":-1,"allow_all_comment":true,"avatar_large":"http://tp2.sinaimg.cn/2703241741/180/39999796126/1","verified_reason":"","follow_me":false,"online_status":0,"bi_followers_count":63,"lang":"zh-cn"},"reposts_count":0,"comments_count":0,"attitudes_count":0,"mlevel":0,"visible":{"type":0,"list_id":0}}

3192 INFO  [2012-10-17 14:30:04]  uid = 501659e6036450d23874ebf0, user = {_id=501659e6036450d23874ebf0, app_id=513819630, award_exp=0, balance=120, c_date=Mon Jul 30 17:54:46 GMT+08:00 2012, country_code=CN, device_id=40516dfeaa446ae6cb7e15982023f0b4, device_model=iPod touch, device_os=iPhone OS_5.0.1, device_token=0ab6c5cee969a436b34bf9458548c6388f315bc44bf4bcce33b1dfc106ab7fca, device_type=1, email=moon@qq.com, fans=[ { "fid" : "50163dd803642077d68ccaa3" , "c_date" : { "$date" : "2012-07-31T09:12:16Z"} , "source_id" : "513819630"}], feed_timestamp=Wed Aug 01 17:01:18 GMT+08:00 2012, follows=[ { "fid" : "50163dd803642077d68ccaa3" , "c_date" : { "$date" : "2012-07-31T03:02:41Z"} , "source_id" : "513819630"}], gender=f, guess_balance=3, items=[ { "type" : 1 , "amount" : 10} , { "type" : 6 , "amount" : 2}], language=zh-Hans, level_info=[ { "source_id" : "Draw" , "level" : 2 , "experience" : 120}], new_fan_cnt=0, nick_name=moon, password=, source_id=513819630, status=3, verify_code=f4ab5924-2e1c-49bd-85d9-367717864cee}
3194 INFO  [2012-10-17 14:30:04]  uid = 501659e6036450d23874ebf0, user = {_id=501659e6036450d23874ebf0, app_id=513819630, award_exp=0, balance=120, c_date=Mon Jul 30 17:54:46 GMT+08:00 2012, country_code=CN, device_id=40516dfeaa446ae6cb7e15982023f0b4, device_model=iPod touch, device_os=iPhone OS_5.0.1, device_token=0ab6c5cee969a436b34bf9458548c6388f315bc44bf4bcce33b1dfc106ab7fca, device_type=1, email=moon@qq.com, fans=[ { "fid" : "50163dd803642077d68ccaa3" , "c_date" : { "$date" : "2012-07-31T09:12:16Z"} , "source_id" : "513819630"}], feed_timestamp=Wed Aug 01 17:01:18 GMT+08:00 2012, follows=[ { "fid" : "50163dd803642077d68ccaa3" , "c_date" : { "$date" : "2012-07-31T03:02:41Z"} , "source_id" : "513819630"}], gender=f, guess_balance=3, items=[ { "type" : 1 , "amount" : 10} , { "type" : 6 , "amount" : 2}], language=zh-Hans, level_info=[ { "source_id" : "Draw" , "level" : 2 , "experience" : 120}], new_fan_cnt=0, nick_name=moon, password=, source_id=513819630, status=3, verify_code=f4ab5924-2e1c-49bd-85d9-367717864cee}
3195 DEBUG [2012-10-17 14:30:04]  Authorization: OAuth2 2.00PfWwwCRMDcFD1efb591288ypeJxD
3196 DEBUG [2012-10-17 14:30:04]  API-RemoteIP: 192.168.1.13
5445 DEBUG [2012-10-17 14:30:06]  Response:
5445 DEBUG [2012-10-17 14:30:06]  https StatusCode:200
5445 DEBUG [2012-10-17 14:30:06]  Date:Wed, 17 Oct 2012 06:30:04 GMT
5445 DEBUG [2012-10-17 14:30:06]  Server:PWS/8.0.9.6
5446 DEBUG [2012-10-17 14:30:06]  Transfer-Encoding:chunked
5446 DEBUG [2012-10-17 14:30:06]  X-Px:nc h0-s5.p0-szx ( sha-agg-n2), nc sha-agg-n2 ( origin)
5446 DEBUG [2012-10-17 14:30:06]  Content-Type:application/json;charset=UTF-8
5446 DEBUG [2012-10-17 14:30:06]  Age:0
5446 DEBUG [2012-10-17 14:30:06]  Via:1.1 varnish
5446 DEBUG [2012-10-17 14:30:06]  Vary:Accept-Encoding
5446 DEBUG [2012-10-17 14:30:06]  Api-Server-IP:10.75.24.204
5446 DEBUG [2012-10-17 14:30:06]  X-Varnish:2147984420
5446 DEBUG [2012-10-17 14:30:06]  Connection:keep-alive
5446 WARN  [2012-10-17 14:30:06]  Going to buffer response body of large or unknown size. Using getResponseBodyAsStream instead is recommended.
5447 DEBUG [2012-10-17 14:30:06]  {"created_at":"Wed Oct 17 14:30:04 +0800 2012","id":3502126158505656,"mid":"3502126158505656","idstr":"3502126158505656","text":"今日#猜猜画画作品榜#第2名：moon 的【肥妹】。欣赏更多精彩涂鸦，敬请关注@猜猜画画手机版 。","source":"<a href=\"http://www.caicaihuahua.me\" rel=\"nofollow\">猜猜画画iPhone客户端</a>","favorited":false,"truncated":false,"in_reply_to_status_id":"","in_reply_to_user_id":"","in_reply_to_screen_name":"","thumbnail_pic":"http://ww3.sinaimg.cn/thumbnail/a120320djw1dxy6qt5x2lj.jpg","bmiddle_pic":"http://ww3.sinaimg.cn/bmiddle/a120320djw1dxy6qt5x2lj.jpg","original_pic":"http://ww3.sinaimg.cn/large/a120320djw1dxy6qt5x2lj.jpg","geo":null,"user":{"id":2703241741,"idstr":"2703241741","screen_name":"猜猜画画手机版","name":"猜猜画画手机版","province":"44","city":"1","location":"广东 广州","description":"玩猜画游戏？当选猜猜画画。下载地址:http://t.cn/zOCCxQW 玩家群:228119679","url":"http://caicaihuahua.me","profile_image_url":"http://tp2.sinaimg.cn/2703241741/50/39999796126/1","profile_url":"drawlively","domain":"drawlively","weihao":"","gender":"m","followers_count":110,"friends_count":456,"statuses_count":148,"favourites_count":3,"created_at":"Mon Apr 09 10:53:52 +0800 2012","following":false,"allow_all_act_msg":false,"geo_enabled":true,"verified":false,"verified_type":-1,"allow_all_comment":true,"avatar_large":"http://tp2.sinaimg.cn/2703241741/180/39999796126/1","verified_reason":"","follow_me":false,"online_status":0,"bi_followers_count":63,"lang":"zh-cn"},"reposts_count":0,"comments_count":0,"attitudes_count":0,"mlevel":0,"visible":{"type":0,"list_id":0}}

5452 INFO  [2012-10-17 14:30:06]  uid = 501659e6036450d23874ebf0, user = {_id=501659e6036450d23874ebf0, app_id=513819630, award_exp=0, balance=120, c_date=Mon Jul 30 17:54:46 GMT+08:00 2012, country_code=CN, device_id=40516dfeaa446ae6cb7e15982023f0b4, device_model=iPod touch, device_os=iPhone OS_5.0.1, device_token=0ab6c5cee969a436b34bf9458548c6388f315bc44bf4bcce33b1dfc106ab7fca, device_type=1, email=moon@qq.com, fans=[ { "fid" : "50163dd803642077d68ccaa3" , "c_date" : { "$date" : "2012-07-31T09:12:16Z"} , "source_id" : "513819630"}], feed_timestamp=Wed Aug 01 17:01:18 GMT+08:00 2012, follows=[ { "fid" : "50163dd803642077d68ccaa3" , "c_date" : { "$date" : "2012-07-31T03:02:41Z"} , "source_id" : "513819630"}], gender=f, guess_balance=3, items=[ { "type" : 1 , "amount" : 10} , { "type" : 6 , "amount" : 2}], language=zh-Hans, level_info=[ { "source_id" : "Draw" , "level" : 2 , "experience" : 120}], new_fan_cnt=0, nick_name=moon, password=, source_id=513819630, status=3, verify_code=f4ab5924-2e1c-49bd-85d9-367717864cee}
5454 INFO  [2012-10-17 14:30:06]  uid = 501659e6036450d23874ebf0, user = {_id=501659e6036450d23874ebf0, app_id=513819630, award_exp=0, balance=120, c_date=Mon Jul 30 17:54:46 GMT+08:00 2012, country_code=CN, device_id=40516dfeaa446ae6cb7e15982023f0b4, device_model=iPod touch, device_os=iPhone OS_5.0.1, device_token=0ab6c5cee969a436b34bf9458548c6388f315bc44bf4bcce33b1dfc106ab7fca, device_type=1, email=moon@qq.com, fans=[ { "fid" : "50163dd803642077d68ccaa3" , "c_date" : { "$date" : "2012-07-31T09:12:16Z"} , "source_id" : "513819630"}], feed_timestamp=Wed Aug 01 17:01:18 GMT+08:00 2012, follows=[ { "fid" : "50163dd803642077d68ccaa3" , "c_date" : { "$date" : "2012-07-31T03:02:41Z"} , "source_id" : "513819630"}], gender=f, guess_balance=3, items=[ { "type" : 1 , "amount" : 10} , { "type" : 6 , "amount" : 2}], language=zh-Hans, level_info=[ { "source_id" : "Draw" , "level" : 2 , "experience" : 120}], new_fan_cnt=0, nick_name=moon, password=, source_id=513819630, status=3, verify_code=f4ab5924-2e1c-49bd-85d9-367717864cee}
5456 DEBUG [2012-10-17 14:30:06]  Authorization: OAuth2 2.00PfWwwCRMDcFD1efb591288ypeJxD
5456 DEBUG [2012-10-17 14:30:06]  API-RemoteIP: 192.168.1.13
6668 DEBUG [2012-10-17 14:30:07]  Response:
6668 DEBUG [2012-10-17 14:30:07]  https StatusCode:200
6668 DEBUG [2012-10-17 14:30:07]  Date:Wed, 17 Oct 2012 06:30:06 GMT
6668 DEBUG [2012-10-17 14:30:07]  Server:PWS/8.0.9.6
6668 DEBUG [2012-10-17 14:30:07]  Transfer-Encoding:chunked
6668 DEBUG [2012-10-17 14:30:07]  X-Px:nc h0-s5.p0-szx ( sha-agg-n2), nc sha-agg-n2 ( origin)
6669 DEBUG [2012-10-17 14:30:07]  Content-Type:application/json;charset=UTF-8
6669 DEBUG [2012-10-17 14:30:07]  Age:0
6669 DEBUG [2012-10-17 14:30:07]  Via:1.1 varnish
6669 DEBUG [2012-10-17 14:30:07]  Vary:Accept-Encoding
6669 DEBUG [2012-10-17 14:30:07]  Api-Server-IP:10.75.24.205
6669 DEBUG [2012-10-17 14:30:07]  X-Varnish:3727575353
6669 DEBUG [2012-10-17 14:30:07]  Connection:keep-alive
6669 WARN  [2012-10-17 14:30:07]  Going to buffer response body of large or unknown size. Using getResponseBodyAsStream instead is recommended.
6672 DEBUG [2012-10-17 14:30:07]  {"created_at":"Wed Oct 17 14:30:05 +0800 2012","id":3502126166896040,"mid":"3502126166896040","idstr":"3502126166896040","text":"今日#猜猜画画作品榜#第3名：moon 的【哀伤】。欣赏更多精彩涂鸦，敬请关注@猜猜画画手机版 。","source":"<a href=\"http://www.caicaihuahua.me\" rel=\"nofollow\">猜猜画画iPhone客户端</a>","favorited":false,"truncated":false,"in_reply_to_status_id":"","in_reply_to_user_id":"","in_reply_to_screen_name":"","thumbnail_pic":"http://ww2.sinaimg.cn/thumbnail/a120320djw1dxy6qulchyj.jpg","bmiddle_pic":"http://ww2.sinaimg.cn/bmiddle/a120320djw1dxy6qulchyj.jpg","original_pic":"http://ww2.sinaimg.cn/large/a120320djw1dxy6qulchyj.jpg","geo":null,"user":{"id":2703241741,"idstr":"2703241741","screen_name":"猜猜画画手机版","name":"猜猜画画手机版","province":"44","city":"1","location":"广东 广州","description":"玩猜画游戏？当选猜猜画画。下载地址:http://t.cn/zOCCxQW 玩家群:228119679","url":"http://caicaihuahua.me","profile_image_url":"http://tp2.sinaimg.cn/2703241741/50/39999796126/1","profile_url":"drawlively","domain":"drawlively","weihao":"","gender":"m","followers_count":110,"friends_count":456,"statuses_count":148,"favourites_count":3,"created_at":"Mon Apr 09 10:53:52 +0800 2012","following":false,"allow_all_act_msg":false,"geo_enabled":true,"verified":false,"verified_type":-1,"allow_all_comment":true,"avatar_large":"http://tp2.sinaimg.cn/2703241741/180/39999796126/1","verified_reason":"","follow_me":false,"online_status":0,"bi_followers_count":63,"lang":"zh-cn"},"reposts_count":0,"comments_count":0,"attitudes_count":0,"mlevel":0,"visible":{"type":0,"list_id":0}}

